<?xml version="1.0" encoding="UTF-8"?>
<!-- Generated by org.testng.reporters.JUnitXMLReporter -->
<testsuite hostname="user-PC" name="Command line test" tests="9" failures="0" timestamp="27 Jul 2017 23:47:37 GMT" time="161.643" errors="0">
  <testcase name="ReturningCustomer12" time="8.273" classname="catalog.catalogpages.TestCases"/>
  <testcase name="Testcase10" time="5.37" classname="catalog.catalogpages.TestCases"/>
  <testcase name="Testcase3" time="5.708" classname="catalog.catalogpages.TestCases"/>
  <testcase name="Testcase4" time="5.305" classname="catalog.catalogpages.TestCases"/>
  <testcase name="Testcase5" time="0.721" classname="catalog.catalogpages.TestCases"/>
  <testcase name="Testcase6" time="7.531" classname="catalog.catalogpages.TestCases"/>
  <testcase name="Testcase7" time="5.129" classname="catalog.catalogpages.TestCases"/>
  <testcase name="Testcase8" time="12.747" classname="catalog.catalogpages.TestCases"/>
  <testcase name="Testcase9" time="5.659" classname="catalog.catalogpages.TestCases"/>
</testsuite> <!-- Command line test -->
