<?xml version="1.0" encoding="UTF-8" ?>
<testsuite tests="9" failures="0" name="catalog.catalogpages.TestCases" time="56.465" errors="0" skipped="0">
  <properties>
[...]
</properties>
  <testcase classname="catalog.catalogpages.TestCases" name="ReturningCustomer12" time="8.288"/>
  <testcase classname="catalog.catalogpages.TestCases" name="Testcase10" time="5.371"/>
  <testcase classname="catalog.catalogpages.TestCases" name="Testcase3" time="5.718"/>
  <testcase classname="catalog.catalogpages.TestCases" name="Testcase4" time="5.306"/>
  <testcase classname="catalog.catalogpages.TestCases" name="Testcase5" time="0.719"/>
  <testcase classname="catalog.catalogpages.TestCases" name="Testcase6" time="7.53"/>
  <testcase classname="catalog.catalogpages.TestCases" name="Testcase7" time="5.131"/>
  <testcase classname="catalog.catalogpages.TestCases" name="Testcase8" time="12.743"/>
  <testcase classname="catalog.catalogpages.TestCases" name="Testcase9" time="5.659"/>
</testsuite>